 ================================================================================ 
 ==                        Android 9.x.x System Tools                          == 
 ==                        powerd by Karan Sangaj                              == 
 ==                            汉化 不咸的盐巴                                 == 
 ==                          https://leorom.cc/                                == 
 ================================================================================ 
                         2019/11/05 周二 -- 20:45:26.91 
 ================================================================================ 
 ==                        Android 9.x.x System Tools                          == 
 ==                        powerd by Karan Sangaj                              == 
 ==                            汉化 不咸的盐巴                                 == 
 ==                          https://leorom.cc/                                == 
 ================================================================================ 
                         2019/11/05 周二 -- 20:47:35.89 
 ================================================================================ 
 ==                        Android 9.x.x System Tools                          == 
 ==                        powerd by Karan Sangaj                              == 
 ==                            汉化 不咸的盐巴                                 == 
 ==                          https://leorom.cc/                                == 
 ================================================================================ 
                         2019/11/05 周二 -- 20:49:50.41 
 ================================================================================ 
 ==                        Android 9.x.x System Tools                          == 
 ==                        powerd by Karan Sangaj                              == 
 ==                            汉化 不咸的盐巴                                 == 
 ==                          https://leorom.cc/                                == 
 ================================================================================ 
                         2019/11/05 周二 -- 20:52:23.93 
 ================================================================================ 
 ==                        Android 9.x.x System Tools                          == 
 ==                        powerd by Karan Sangaj                              == 
 ==                            汉化 不咸的盐巴                                 == 
 ==                          https://leorom.cc/                                == 
 ================================================================================ 
                         05/04/2020 L日 --  3:58:42.58 
 ================================================================================ 
 ==                        Android 9.x.x System Tools                          == 
 ==                        powerd by Karan Sangaj                              == 
 ==                            汉化 不咸的盐巴                                 == 
 ==                          https://leorom.cc/                                == 
 ================================================================================ 
                         05/04/2020 L日 --  3:58:54.32 
